<?xml version="1.0" encoding="UTF-8" ?>
<testsuite failures="0" time="0.051" errors="0" skipped="0" tests="1" name="CanaryTest">
  <properties>
    <property name="java.runtime.name" value="Java(TM) SE Runtime Environment"/>
    <property name="sun.boot.library.path" value="/System/Library/Java/JavaVirtualMachines/1.6.0.jdk/Contents/Libraries"/>
    <property name="java.vm.version" value="20.6-b01-415"/>
    <property name="awt.nativeDoubleBuffering" value="true"/>
    <property name="gopherProxySet" value="false"/>
    <property name="mrj.build" value="11M3646"/>
    <property name="java.vm.vendor" value="Apple Inc."/>
    <property name="java.vendor.url" value="http://www.apple.com/"/>
    <property name="path.separator" value=":"/>
    <property name="java.vm.name" value="Java HotSpot(TM) 64-Bit Server VM"/>
    <property name="file.encoding.pkg" value="sun.io"/>
    <property name="user.country" value="US"/>
    <property name="sun.java.launcher" value="SUN_STANDARD"/>
    <property name="sun.os.patch.level" value="unknown"/>
    <property name="java.vm.specification.name" value="Java Virtual Machine Specification"/>
    <property name="user.dir" value="/Users/toamitkumar/development/java_works/huddleweb"/>
    <property name="java.runtime.version" value="1.6.0_31-b04-415-11M3646"/>
    <property name="java.awt.graphicsenv" value="apple.awt.CGraphicsEnvironment"/>
    <property name="basedir" value="/Users/toamitkumar/development/java_works/huddleweb"/>
    <property name="java.endorsed.dirs" value="/System/Library/Java/JavaVirtualMachines/1.6.0.jdk/Contents/Home/lib/endorsed"/>
    <property name="os.arch" value="x86_64"/>
    <property name="surefire.real.class.path" value="/Users/toamitkumar/development/java_works/huddleweb/target/surefire/surefirebooter1799347839814937370.jar"/>
    <property name="java.io.tmpdir" value="/var/folders/83/87jvjczd5hs1j_yh1ffl2qxm0000gn/T/"/>
    <property name="line.separator" value="
"/>
    <property name="java.vm.specification.vendor" value="Sun Microsystems Inc."/>
    <property name="os.name" value="Mac OS X"/>
    <property name="sun.jnu.encoding" value="MacRoman"/>
    <property name="java.library.path" value=".:/Library/Java/Extensions:/System/Library/Java/Extensions:/usr/lib/java"/>
    <property name="surefire.test.class.path" value="/Users/toamitkumar/development/java_works/huddleweb/target/test-classes:/Users/toamitkumar/development/java_works/huddleweb/target/classes:/Users/toamitkumar/.m2/repository/junit/junit/4.8.1/junit-4.8.1.jar:/Users/toamitkumar/.m2/repository/javax/servlet/javax.servlet-api/3.0.1/javax.servlet-api-3.0.1.jar:/Users/toamitkumar/.m2/repository/org/springframework/spring-webmvc/3.1.1.RELEASE/spring-webmvc-3.1.1.RELEASE.jar:/Users/toamitkumar/.m2/repository/org/springframework/spring-asm/3.1.1.RELEASE/spring-asm-3.1.1.RELEASE.jar:/Users/toamitkumar/.m2/repository/org/springframework/spring-beans/3.1.1.RELEASE/spring-beans-3.1.1.RELEASE.jar:/Users/toamitkumar/.m2/repository/org/springframework/spring-context/3.1.1.RELEASE/spring-context-3.1.1.RELEASE.jar:/Users/toamitkumar/.m2/repository/org/springframework/spring-aop/3.1.1.RELEASE/spring-aop-3.1.1.RELEASE.jar:/Users/toamitkumar/.m2/repository/org/springframework/spring-context-support/3.1.1.RELEASE/spring-context-support-3.1.1.RELEASE.jar:/Users/toamitkumar/.m2/repository/org/springframework/spring-core/3.1.1.RELEASE/spring-core-3.1.1.RELEASE.jar:/Users/toamitkumar/.m2/repository/commons-logging/commons-logging/1.1.1/commons-logging-1.1.1.jar:/Users/toamitkumar/.m2/repository/org/springframework/spring-expression/3.1.1.RELEASE/spring-expression-3.1.1.RELEASE.jar:/Users/toamitkumar/.m2/repository/org/springframework/spring-web/3.1.1.RELEASE/spring-web-3.1.1.RELEASE.jar:/Users/toamitkumar/.m2/repository/aopalliance/aopalliance/1.0/aopalliance-1.0.jar:/Users/toamitkumar/.m2/repository/org/springframework/spring-orm/3.1.1.RELEASE/spring-orm-3.1.1.RELEASE.jar:/Users/toamitkumar/.m2/repository/org/springframework/spring-jdbc/3.1.1.RELEASE/spring-jdbc-3.1.1.RELEASE.jar:/Users/toamitkumar/.m2/repository/org/springframework/spring-tx/3.1.1.RELEASE/spring-tx-3.1.1.RELEASE.jar:/Users/toamitkumar/.m2/repository/taglibs/standard/1.1.2/standard-1.1.2.jar:/Users/toamitkumar/.m2/repository/javax/servlet/jstl/1.2/jstl-1.2.jar:/Users/toamitkumar/.m2/repository/org/hsqldb/hsqldb/2.2.8/hsqldb-2.2.8.jar:/Users/toamitkumar/.m2/repository/postgresql/postgresql/9.1-901-1.jdbc4/postgresql-9.1-901-1.jdbc4.jar:/Users/toamitkumar/.m2/repository/commons-dbcp/commons-dbcp/1.4/commons-dbcp-1.4.jar:/Users/toamitkumar/.m2/repository/commons-pool/commons-pool/1.5.4/commons-pool-1.5.4.jar:/Users/toamitkumar/.m2/repository/org/hibernate/hibernate-entitymanager/3.6.10.Final/hibernate-entitymanager-3.6.10.Final.jar:/Users/toamitkumar/.m2/repository/org/hibernate/hibernate-core/3.6.10.Final/hibernate-core-3.6.10.Final.jar:/Users/toamitkumar/.m2/repository/antlr/antlr/2.7.6/antlr-2.7.6.jar:/Users/toamitkumar/.m2/repository/commons-collections/commons-collections/3.1/commons-collections-3.1.jar:/Users/toamitkumar/.m2/repository/dom4j/dom4j/1.6.1/dom4j-1.6.1.jar:/Users/toamitkumar/.m2/repository/org/hibernate/hibernate-commons-annotations/3.2.0.Final/hibernate-commons-annotations-3.2.0.Final.jar:/Users/toamitkumar/.m2/repository/javax/transaction/jta/1.1/jta-1.1.jar:/Users/toamitkumar/.m2/repository/cglib/cglib/2.2/cglib-2.2.jar:/Users/toamitkumar/.m2/repository/asm/asm/3.1/asm-3.1.jar:/Users/toamitkumar/.m2/repository/javassist/javassist/3.12.0.GA/javassist-3.12.0.GA.jar:/Users/toamitkumar/.m2/repository/org/hibernate/javax/persistence/hibernate-jpa-2.0-api/1.0.1.Final/hibernate-jpa-2.0-api-1.0.1.Final.jar:/Users/toamitkumar/.m2/repository/org/slf4j/slf4j-api/1.6.1/slf4j-api-1.6.1.jar:/Users/toamitkumar/.m2/repository/com/github/jsimone/webapp-runner/7.0.22.3/webapp-runner-7.0.22.3.jar:/Users/toamitkumar/.m2/repository/org/apache/tomcat/embed/tomcat-embed-core/7.0.22/tomcat-embed-core-7.0.22.jar:/Users/toamitkumar/.m2/repository/org/apache/tomcat/embed/tomcat-embed-logging-juli/7.0.22/tomcat-embed-logging-juli-7.0.22.jar:/Users/toamitkumar/.m2/repository/org/apache/tomcat/embed/tomcat-embed-jasper/7.0.22/tomcat-embed-jasper-7.0.22.jar:/Users/toamitkumar/.m2/repository/org/apache/tomcat/tomcat-jasper/7.0.22/tomcat-jasper-7.0.22.jar:/Users/toamitkumar/.m2/repository/org/apache/tomcat/tomcat-servlet-api/7.0.22/tomcat-servlet-api-7.0.22.jar:/Users/toamitkumar/.m2/repository/org/apache/tomcat/tomcat-juli/7.0.22/tomcat-juli-7.0.22.jar:/Users/toamitkumar/.m2/repository/org/apache/tomcat/tomcat-el-api/7.0.22/tomcat-el-api-7.0.22.jar:/Users/toamitkumar/.m2/repository/org/eclipse/jdt/core/compiler/ecj/3.7/ecj-3.7.jar:/Users/toamitkumar/.m2/repository/org/apache/tomcat/tomcat-api/7.0.22/tomcat-api-7.0.22.jar:/Users/toamitkumar/.m2/repository/org/apache/tomcat/tomcat-util/7.0.22/tomcat-util-7.0.22.jar:/Users/toamitkumar/.m2/repository/org/apache/tomcat/tomcat-jasper-el/7.0.22/tomcat-jasper-el-7.0.22.jar:/Users/toamitkumar/.m2/repository/org/apache/tomcat/tomcat-jsp-api/7.0.22/tomcat-jsp-api-7.0.22.jar:/Users/toamitkumar/.m2/repository/de/javakaffee/msm/memcached-session-manager-tc7/1.6.1/memcached-session-manager-tc7-1.6.1.jar:/Users/toamitkumar/.m2/repository/de/javakaffee/msm/memcached-session-manager/1.6.1/memcached-session-manager-1.6.1.jar:/Users/toamitkumar/.m2/repository/spy/spymemcached/2.7.3/spymemcached-2.7.3.jar:/Users/toamitkumar/.m2/repository/org/jboss/netty/netty/3.2.0.Final/netty-3.2.0.Final.jar:/Users/toamitkumar/.m2/repository/org/codehaus/jettison/jettison/1.1/jettison-1.1.jar:/Users/toamitkumar/.m2/repository/stax/stax-api/1.0.1/stax-api-1.0.1.jar:/Users/toamitkumar/.m2/repository/commons-codec/commons-codec/1.5/commons-codec-1.5.jar:/Users/toamitkumar/.m2/repository/org/apache/tomcat/tomcat-catalina/7.0.23/tomcat-catalina-7.0.23.jar:/Users/toamitkumar/.m2/repository/org/apache/tomcat/tomcat-annotations-api/7.0.23/tomcat-annotations-api-7.0.23.jar:/Users/toamitkumar/.m2/repository/org/apache/tomcat/tomcat-catalina-ha/7.0.23/tomcat-catalina-ha-7.0.23.jar:/Users/toamitkumar/.m2/repository/org/apache/tomcat/tomcat-tribes/7.0.23/tomcat-tribes-7.0.23.jar:/Users/toamitkumar/.m2/repository/org/apache/tomcat/tomcat-coyote/7.0.23/tomcat-coyote-7.0.23.jar:/Users/toamitkumar/.m2/repository/com/google/code/findbugs/jsr305/1.3.9/jsr305-1.3.9.jar:/Users/toamitkumar/.m2/repository/com/google/code/findbugs/annotations/1.3.9/annotations-1.3.9.jar:"/>
    <property name="java.specification.name" value="Java Platform API Specification"/>
    <property name="java.class.version" value="50.0"/>
    <property name="sun.management.compiler" value="HotSpot 64-Bit Tiered Compilers"/>
    <property name="os.version" value="10.7.4"/>
    <property name="http.nonProxyHosts" value="local|*.local|169.254/16|*.169.254/16"/>
    <property name="user.home" value="/Users/toamitkumar"/>
    <property name="user.timezone" value=""/>
    <property name="java.awt.printerjob" value="apple.awt.CPrinterJob"/>
    <property name="java.specification.version" value="1.6"/>
    <property name="file.encoding" value="MacRoman"/>
    <property name="user.name" value="toamitkumar"/>
    <property name="java.class.path" value="/Users/toamitkumar/development/java_works/huddleweb/target/test-classes:/Users/toamitkumar/development/java_works/huddleweb/target/classes:/Users/toamitkumar/.m2/repository/junit/junit/4.8.1/junit-4.8.1.jar:/Users/toamitkumar/.m2/repository/javax/servlet/javax.servlet-api/3.0.1/javax.servlet-api-3.0.1.jar:/Users/toamitkumar/.m2/repository/org/springframework/spring-webmvc/3.1.1.RELEASE/spring-webmvc-3.1.1.RELEASE.jar:/Users/toamitkumar/.m2/repository/org/springframework/spring-asm/3.1.1.RELEASE/spring-asm-3.1.1.RELEASE.jar:/Users/toamitkumar/.m2/repository/org/springframework/spring-beans/3.1.1.RELEASE/spring-beans-3.1.1.RELEASE.jar:/Users/toamitkumar/.m2/repository/org/springframework/spring-context/3.1.1.RELEASE/spring-context-3.1.1.RELEASE.jar:/Users/toamitkumar/.m2/repository/org/springframework/spring-aop/3.1.1.RELEASE/spring-aop-3.1.1.RELEASE.jar:/Users/toamitkumar/.m2/repository/org/springframework/spring-context-support/3.1.1.RELEASE/spring-context-support-3.1.1.RELEASE.jar:/Users/toamitkumar/.m2/repository/org/springframework/spring-core/3.1.1.RELEASE/spring-core-3.1.1.RELEASE.jar:/Users/toamitkumar/.m2/repository/commons-logging/commons-logging/1.1.1/commons-logging-1.1.1.jar:/Users/toamitkumar/.m2/repository/org/springframework/spring-expression/3.1.1.RELEASE/spring-expression-3.1.1.RELEASE.jar:/Users/toamitkumar/.m2/repository/org/springframework/spring-web/3.1.1.RELEASE/spring-web-3.1.1.RELEASE.jar:/Users/toamitkumar/.m2/repository/aopalliance/aopalliance/1.0/aopalliance-1.0.jar:/Users/toamitkumar/.m2/repository/org/springframework/spring-orm/3.1.1.RELEASE/spring-orm-3.1.1.RELEASE.jar:/Users/toamitkumar/.m2/repository/org/springframework/spring-jdbc/3.1.1.RELEASE/spring-jdbc-3.1.1.RELEASE.jar:/Users/toamitkumar/.m2/repository/org/springframework/spring-tx/3.1.1.RELEASE/spring-tx-3.1.1.RELEASE.jar:/Users/toamitkumar/.m2/repository/taglibs/standard/1.1.2/standard-1.1.2.jar:/Users/toamitkumar/.m2/repository/javax/servlet/jstl/1.2/jstl-1.2.jar:/Users/toamitkumar/.m2/repository/org/hsqldb/hsqldb/2.2.8/hsqldb-2.2.8.jar:/Users/toamitkumar/.m2/repository/postgresql/postgresql/9.1-901-1.jdbc4/postgresql-9.1-901-1.jdbc4.jar:/Users/toamitkumar/.m2/repository/commons-dbcp/commons-dbcp/1.4/commons-dbcp-1.4.jar:/Users/toamitkumar/.m2/repository/commons-pool/commons-pool/1.5.4/commons-pool-1.5.4.jar:/Users/toamitkumar/.m2/repository/org/hibernate/hibernate-entitymanager/3.6.10.Final/hibernate-entitymanager-3.6.10.Final.jar:/Users/toamitkumar/.m2/repository/org/hibernate/hibernate-core/3.6.10.Final/hibernate-core-3.6.10.Final.jar:/Users/toamitkumar/.m2/repository/antlr/antlr/2.7.6/antlr-2.7.6.jar:/Users/toamitkumar/.m2/repository/commons-collections/commons-collections/3.1/commons-collections-3.1.jar:/Users/toamitkumar/.m2/repository/dom4j/dom4j/1.6.1/dom4j-1.6.1.jar:/Users/toamitkumar/.m2/repository/org/hibernate/hibernate-commons-annotations/3.2.0.Final/hibernate-commons-annotations-3.2.0.Final.jar:/Users/toamitkumar/.m2/repository/javax/transaction/jta/1.1/jta-1.1.jar:/Users/toamitkumar/.m2/repository/cglib/cglib/2.2/cglib-2.2.jar:/Users/toamitkumar/.m2/repository/asm/asm/3.1/asm-3.1.jar:/Users/toamitkumar/.m2/repository/javassist/javassist/3.12.0.GA/javassist-3.12.0.GA.jar:/Users/toamitkumar/.m2/repository/org/hibernate/javax/persistence/hibernate-jpa-2.0-api/1.0.1.Final/hibernate-jpa-2.0-api-1.0.1.Final.jar:/Users/toamitkumar/.m2/repository/org/slf4j/slf4j-api/1.6.1/slf4j-api-1.6.1.jar:/Users/toamitkumar/.m2/repository/com/github/jsimone/webapp-runner/7.0.22.3/webapp-runner-7.0.22.3.jar:/Users/toamitkumar/.m2/repository/org/apache/tomcat/embed/tomcat-embed-core/7.0.22/tomcat-embed-core-7.0.22.jar:/Users/toamitkumar/.m2/repository/org/apache/tomcat/embed/tomcat-embed-logging-juli/7.0.22/tomcat-embed-logging-juli-7.0.22.jar:/Users/toamitkumar/.m2/repository/org/apache/tomcat/embed/tomcat-embed-jasper/7.0.22/tomcat-embed-jasper-7.0.22.jar:/Users/toamitkumar/.m2/repository/org/apache/tomcat/tomcat-jasper/7.0.22/tomcat-jasper-7.0.22.jar:/Users/toamitkumar/.m2/repository/org/apache/tomcat/tomcat-servlet-api/7.0.22/tomcat-servlet-api-7.0.22.jar:/Users/toamitkumar/.m2/repository/org/apache/tomcat/tomcat-juli/7.0.22/tomcat-juli-7.0.22.jar:/Users/toamitkumar/.m2/repository/org/apache/tomcat/tomcat-el-api/7.0.22/tomcat-el-api-7.0.22.jar:/Users/toamitkumar/.m2/repository/org/eclipse/jdt/core/compiler/ecj/3.7/ecj-3.7.jar:/Users/toamitkumar/.m2/repository/org/apache/tomcat/tomcat-api/7.0.22/tomcat-api-7.0.22.jar:/Users/toamitkumar/.m2/repository/org/apache/tomcat/tomcat-util/7.0.22/tomcat-util-7.0.22.jar:/Users/toamitkumar/.m2/repository/org/apache/tomcat/tomcat-jasper-el/7.0.22/tomcat-jasper-el-7.0.22.jar:/Users/toamitkumar/.m2/repository/org/apache/tomcat/tomcat-jsp-api/7.0.22/tomcat-jsp-api-7.0.22.jar:/Users/toamitkumar/.m2/repository/de/javakaffee/msm/memcached-session-manager-tc7/1.6.1/memcached-session-manager-tc7-1.6.1.jar:/Users/toamitkumar/.m2/repository/de/javakaffee/msm/memcached-session-manager/1.6.1/memcached-session-manager-1.6.1.jar:/Users/toamitkumar/.m2/repository/spy/spymemcached/2.7.3/spymemcached-2.7.3.jar:/Users/toamitkumar/.m2/repository/org/jboss/netty/netty/3.2.0.Final/netty-3.2.0.Final.jar:/Users/toamitkumar/.m2/repository/org/codehaus/jettison/jettison/1.1/jettison-1.1.jar:/Users/toamitkumar/.m2/repository/stax/stax-api/1.0.1/stax-api-1.0.1.jar:/Users/toamitkumar/.m2/repository/commons-codec/commons-codec/1.5/commons-codec-1.5.jar:/Users/toamitkumar/.m2/repository/org/apache/tomcat/tomcat-catalina/7.0.23/tomcat-catalina-7.0.23.jar:/Users/toamitkumar/.m2/repository/org/apache/tomcat/tomcat-annotations-api/7.0.23/tomcat-annotations-api-7.0.23.jar:/Users/toamitkumar/.m2/repository/org/apache/tomcat/tomcat-catalina-ha/7.0.23/tomcat-catalina-ha-7.0.23.jar:/Users/toamitkumar/.m2/repository/org/apache/tomcat/tomcat-tribes/7.0.23/tomcat-tribes-7.0.23.jar:/Users/toamitkumar/.m2/repository/org/apache/tomcat/tomcat-coyote/7.0.23/tomcat-coyote-7.0.23.jar:/Users/toamitkumar/.m2/repository/com/google/code/findbugs/jsr305/1.3.9/jsr305-1.3.9.jar:/Users/toamitkumar/.m2/repository/com/google/code/findbugs/annotations/1.3.9/annotations-1.3.9.jar:"/>
    <property name="java.vm.specification.version" value="1.0"/>
    <property name="sun.arch.data.model" value="64"/>
    <property name="java.home" value="/System/Library/Java/JavaVirtualMachines/1.6.0.jdk/Contents/Home"/>
    <property name="sun.java.command" value="/Users/toamitkumar/development/java_works/huddleweb/target/surefire/surefirebooter1799347839814937370.jar /Users/toamitkumar/development/java_works/huddleweb/target/surefire/surefire1136612574465948170tmp /Users/toamitkumar/development/java_works/huddleweb/target/surefire/surefire4180984396349690026tmp"/>
    <property name="java.specification.vendor" value="Sun Microsystems Inc."/>
    <property name="user.language" value="en"/>
    <property name="awt.toolkit" value="apple.awt.CToolkit"/>
    <property name="java.vm.info" value="mixed mode"/>
    <property name="java.version" value="1.6.0_31"/>
    <property name="java.ext.dirs" value="/Library/Java/Extensions:/System/Library/Java/Extensions:/System/Library/Java/JavaVirtualMachines/1.6.0.jdk/Contents/Home/lib/ext"/>
    <property name="sun.boot.class.path" value="/System/Library/Java/JavaVirtualMachines/1.6.0.jdk/Contents/Classes/jsfd.jar:/System/Library/Java/JavaVirtualMachines/1.6.0.jdk/Contents/Classes/classes.jar:/System/Library/Frameworks/JavaVM.framework/Frameworks/JavaRuntimeSupport.framework/Resources/Java/JavaRuntimeSupport.jar:/System/Library/Java/JavaVirtualMachines/1.6.0.jdk/Contents/Classes/ui.jar:/System/Library/Java/JavaVirtualMachines/1.6.0.jdk/Contents/Classes/laf.jar:/System/Library/Java/JavaVirtualMachines/1.6.0.jdk/Contents/Classes/sunrsasign.jar:/System/Library/Java/JavaVirtualMachines/1.6.0.jdk/Contents/Classes/jsse.jar:/System/Library/Java/JavaVirtualMachines/1.6.0.jdk/Contents/Classes/jce.jar:/System/Library/Java/JavaVirtualMachines/1.6.0.jdk/Contents/Classes/charsets.jar"/>
    <property name="java.vendor" value="Apple Inc."/>
    <property name="localRepository" value="/Users/toamitkumar/.m2/repository"/>
    <property name="file.separator" value="/"/>
    <property name="java.vendor.url.bug" value="http://bugreport.apple.com/"/>
    <property name="sun.cpu.endian" value="little"/>
    <property name="sun.io.unicode.encoding" value="UnicodeLittle"/>
    <property name="mrj.version" value="1070.1.6.0_31-415"/>
    <property name="socksNonProxyHosts" value="local|*.local|169.254/16|*.169.254/16"/>
    <property name="ftp.nonProxyHosts" value="local|*.local|169.254/16|*.169.254/16"/>
    <property name="sun.cpu.isalist" value=""/>
  </properties>
  <testcase time="0.002" classname="CanaryTest" name="testShouldPass"/>
</testsuite>